[13-Sep-2025 18:03:45 UTC] View not found: C:\Users\koloz\Documents\Files\Iskola\2025-26\web\Biblio\App\Views\Layouts/index.php
[13-Sep-2025 18:27:48 UTC] View not found: C:\Users\koloz\Documents\Files\Iskola\2025-26\web\Biblio\App\Views\books/index.php
[13-Sep-2025 18:32:35 UTC] PHP Warning:  Attempt to read property "id" on array in C:\Users\koloz\Documents\Files\Iskola\2025-26\web\Biblio\App\Views\Books\index.php on line 7
[13-Sep-2025 18:32:35 UTC] PHP Warning:  Attempt to read property "title" on array in C:\Users\koloz\Documents\Files\Iskola\2025-26\web\Biblio\App\Views\Books\index.php on line 8
[13-Sep-2025 18:32:35 UTC] PHP Warning:  Attempt to read property "pages" on array in C:\Users\koloz\Documents\Files\Iskola\2025-26\web\Biblio\App\Views\Books\index.php on line 9
[13-Sep-2025 18:32:35 UTC] PHP Warning:  Attempt to read property "ISBN" on array in C:\Users\koloz\Documents\Files\Iskola\2025-26\web\Biblio\App\Views\Books\index.php on line 10
[13-Sep-2025 18:32:35 UTC] PHP Warning:  Attempt to read property "release_year" on array in C:\Users\koloz\Documents\Files\Iskola\2025-26\web\Biblio\App\Views\Books\index.php on line 11
[13-Sep-2025 18:32:35 UTC] PHP Warning:  Attempt to read property "language" on array in C:\Users\koloz\Documents\Files\Iskola\2025-26\web\Biblio\App\Views\Books\index.php on line 12
[13-Sep-2025 18:32:35 UTC] PHP Warning:  Attempt to read property "genre_id" on array in C:\Users\koloz\Documents\Files\Iskola\2025-26\web\Biblio\App\Views\Books\index.php on line 13
[13-Sep-2025 18:32:35 UTC] PHP Warning:  Attempt to read property "author_id" on array in C:\Users\koloz\Documents\Files\Iskola\2025-26\web\Biblio\App\Views\Books\index.php on line 14
[13-Sep-2025 18:32:35 UTC] PHP Warning:  Attempt to read property "publisher_id" on array in C:\Users\koloz\Documents\Files\Iskola\2025-26\web\Biblio\App\Views\Books\index.php on line 15
[13-Sep-2025 18:32:35 UTC] PHP Warning:  Attempt to read property "cover" on array in C:\Users\koloz\Documents\Files\Iskola\2025-26\web\Biblio\App\Views\Books\index.php on line 16
[13-Sep-2025 18:32:35 UTC] PHP Warning:  Attempt to read property "id" on array in C:\Users\koloz\Documents\Files\Iskola\2025-26\web\Biblio\App\Views\Books\index.php on line 7
[13-Sep-2025 18:32:35 UTC] PHP Warning:  Attempt to read property "title" on array in C:\Users\koloz\Documents\Files\Iskola\2025-26\web\Biblio\App\Views\Books\index.php on line 8
[13-Sep-2025 18:32:35 UTC] PHP Warning:  Attempt to read property "pages" on array in C:\Users\koloz\Documents\Files\Iskola\2025-26\web\Biblio\App\Views\Books\index.php on line 9
[13-Sep-2025 18:32:35 UTC] PHP Warning:  Attempt to read property "ISBN" on array in C:\Users\koloz\Documents\Files\Iskola\2025-26\web\Biblio\App\Views\Books\index.php on line 10
[13-Sep-2025 18:32:35 UTC] PHP Warning:  Attempt to read property "release_year" on array in C:\Users\koloz\Documents\Files\Iskola\2025-26\web\Biblio\App\Views\Books\index.php on line 11
[13-Sep-2025 18:32:35 UTC] PHP Warning:  Attempt to read property "language" on array in C:\Users\koloz\Documents\Files\Iskola\2025-26\web\Biblio\App\Views\Books\index.php on line 12
[13-Sep-2025 18:32:35 UTC] PHP Warning:  Attempt to read property "genre_id" on array in C:\Users\koloz\Documents\Files\Iskola\2025-26\web\Biblio\App\Views\Books\index.php on line 13
[13-Sep-2025 18:32:35 UTC] PHP Warning:  Attempt to read property "author_id" on array in C:\Users\koloz\Documents\Files\Iskola\2025-26\web\Biblio\App\Views\Books\index.php on line 14
[13-Sep-2025 18:32:35 UTC] PHP Warning:  Attempt to read property "publisher_id" on array in C:\Users\koloz\Documents\Files\Iskola\2025-26\web\Biblio\App\Views\Books\index.php on line 15
[13-Sep-2025 18:32:35 UTC] PHP Warning:  Attempt to read property "cover" on array in C:\Users\koloz\Documents\Files\Iskola\2025-26\web\Biblio\App\Views\Books\index.php on line 16
[13-Sep-2025 18:32:35 UTC] PHP Warning:  Attempt to read property "id" on array in C:\Users\koloz\Documents\Files\Iskola\2025-26\web\Biblio\App\Views\Books\index.php on line 7
[13-Sep-2025 18:32:35 UTC] PHP Warning:  Attempt to read property "title" on array in C:\Users\koloz\Documents\Files\Iskola\2025-26\web\Biblio\App\Views\Books\index.php on line 8
[13-Sep-2025 18:32:35 UTC] PHP Warning:  Attempt to read property "pages" on array in C:\Users\koloz\Documents\Files\Iskola\2025-26\web\Biblio\App\Views\Books\index.php on line 9
[13-Sep-2025 18:32:35 UTC] PHP Warning:  Attempt to read property "ISBN" on array in C:\Users\koloz\Documents\Files\Iskola\2025-26\web\Biblio\App\Views\Books\index.php on line 10
[13-Sep-2025 18:32:35 UTC] PHP Warning:  Attempt to read property "release_year" on array in C:\Users\koloz\Documents\Files\Iskola\2025-26\web\Biblio\App\Views\Books\index.php on line 11
[13-Sep-2025 18:32:35 UTC] PHP Warning:  Attempt to read property "language" on array in C:\Users\koloz\Documents\Files\Iskola\2025-26\web\Biblio\App\Views\Books\index.php on line 12
[13-Sep-2025 18:32:35 UTC] PHP Warning:  Attempt to read property "genre_id" on array in C:\Users\koloz\Documents\Files\Iskola\2025-26\web\Biblio\App\Views\Books\index.php on line 13
[13-Sep-2025 18:32:35 UTC] PHP Warning:  Attempt to read property "author_id" on array in C:\Users\koloz\Documents\Files\Iskola\2025-26\web\Biblio\App\Views\Books\index.php on line 14
[13-Sep-2025 18:32:35 UTC] PHP Warning:  Attempt to read property "publisher_id" on array in C:\Users\koloz\Documents\Files\Iskola\2025-26\web\Biblio\App\Views\Books\index.php on line 15
[13-Sep-2025 18:32:35 UTC] PHP Warning:  Attempt to read property "cover" on array in C:\Users\koloz\Documents\Files\Iskola\2025-26\web\Biblio\App\Views\Books\index.php on line 16
[13-Sep-2025 18:32:35 UTC] PHP Warning:  Attempt to read property "id" on array in C:\Users\koloz\Documents\Files\Iskola\2025-26\web\Biblio\App\Views\Books\index.php on line 7
[13-Sep-2025 18:32:35 UTC] PHP Warning:  Attempt to read property "title" on array in C:\Users\koloz\Documents\Files\Iskola\2025-26\web\Biblio\App\Views\Books\index.php on line 8
[13-Sep-2025 18:32:35 UTC] PHP Warning:  Attempt to read property "pages" on array in C:\Users\koloz\Documents\Files\Iskola\2025-26\web\Biblio\App\Views\Books\index.php on line 9
[13-Sep-2025 18:32:35 UTC] PHP Warning:  Attempt to read property "ISBN" on array in C:\Users\koloz\Documents\Files\Iskola\2025-26\web\Biblio\App\Views\Books\index.php on line 10
[13-Sep-2025 18:32:35 UTC] PHP Warning:  Attempt to read property "release_year" on array in C:\Users\koloz\Documents\Files\Iskola\2025-26\web\Biblio\App\Views\Books\index.php on line 11
[13-Sep-2025 18:32:35 UTC] PHP Warning:  Attempt to read property "language" on array in C:\Users\koloz\Documents\Files\Iskola\2025-26\web\Biblio\App\Views\Books\index.php on line 12
[13-Sep-2025 18:32:35 UTC] PHP Warning:  Attempt to read property "genre_id" on array in C:\Users\koloz\Documents\Files\Iskola\2025-26\web\Biblio\App\Views\Books\index.php on line 13
[13-Sep-2025 18:32:35 UTC] PHP Warning:  Attempt to read property "author_id" on array in C:\Users\koloz\Documents\Files\Iskola\2025-26\web\Biblio\App\Views\Books\index.php on line 14
[13-Sep-2025 18:32:35 UTC] PHP Warning:  Attempt to read property "publisher_id" on array in C:\Users\koloz\Documents\Files\Iskola\2025-26\web\Biblio\App\Views\Books\index.php on line 15
[13-Sep-2025 18:32:35 UTC] PHP Warning:  Attempt to read property "cover" on array in C:\Users\koloz\Documents\Files\Iskola\2025-26\web\Biblio\App\Views\Books\index.php on line 16
[13-Sep-2025 18:32:35 UTC] PHP Warning:  Attempt to read property "id" on array in C:\Users\koloz\Documents\Files\Iskola\2025-26\web\Biblio\App\Views\Books\index.php on line 7
[13-Sep-2025 18:32:35 UTC] PHP Warning:  Attempt to read property "title" on array in C:\Users\koloz\Documents\Files\Iskola\2025-26\web\Biblio\App\Views\Books\index.php on line 8
[13-Sep-2025 18:32:35 UTC] PHP Warning:  Attempt to read property "pages" on array in C:\Users\koloz\Documents\Files\Iskola\2025-26\web\Biblio\App\Views\Books\index.php on line 9
[13-Sep-2025 18:32:35 UTC] PHP Warning:  Attempt to read property "ISBN" on array in C:\Users\koloz\Documents\Files\Iskola\2025-26\web\Biblio\App\Views\Books\index.php on line 10
[13-Sep-2025 18:32:35 UTC] PHP Warning:  Attempt to read property "release_year" on array in C:\Users\koloz\Documents\Files\Iskola\2025-26\web\Biblio\App\Views\Books\index.php on line 11
[13-Sep-2025 18:32:35 UTC] PHP Warning:  Attempt to read property "language" on array in C:\Users\koloz\Documents\Files\Iskola\2025-26\web\Biblio\App\Views\Books\index.php on line 12
[13-Sep-2025 18:32:35 UTC] PHP Warning:  Attempt to read property "genre_id" on array in C:\Users\koloz\Documents\Files\Iskola\2025-26\web\Biblio\App\Views\Books\index.php on line 13
[13-Sep-2025 18:32:35 UTC] PHP Warning:  Attempt to read property "author_id" on array in C:\Users\koloz\Documents\Files\Iskola\2025-26\web\Biblio\App\Views\Books\index.php on line 14
[13-Sep-2025 18:32:35 UTC] PHP Warning:  Attempt to read property "publisher_id" on array in C:\Users\koloz\Documents\Files\Iskola\2025-26\web\Biblio\App\Views\Books\index.php on line 15
[13-Sep-2025 18:32:35 UTC] PHP Warning:  Attempt to read property "cover" on array in C:\Users\koloz\Documents\Files\Iskola\2025-26\web\Biblio\App\Views\Books\index.php on line 16
[13-Sep-2025 18:32:35 UTC] PHP Warning:  Attempt to read property "id" on array in C:\Users\koloz\Documents\Files\Iskola\2025-26\web\Biblio\App\Views\Books\index.php on line 7
[13-Sep-2025 18:32:35 UTC] PHP Warning:  Attempt to read property "title" on array in C:\Users\koloz\Documents\Files\Iskola\2025-26\web\Biblio\App\Views\Books\index.php on line 8
[13-Sep-2025 18:32:35 UTC] PHP Warning:  Attempt to read property "pages" on array in C:\Users\koloz\Documents\Files\Iskola\2025-26\web\Biblio\App\Views\Books\index.php on line 9
[13-Sep-2025 18:32:35 UTC] PHP Warning:  Attempt to read property "ISBN" on array in C:\Users\koloz\Documents\Files\Iskola\2025-26\web\Biblio\App\Views\Books\index.php on line 10
[13-Sep-2025 18:32:35 UTC] PHP Warning:  Attempt to read property "release_year" on array in C:\Users\koloz\Documents\Files\Iskola\2025-26\web\Biblio\App\Views\Books\index.php on line 11
[13-Sep-2025 18:32:35 UTC] PHP Warning:  Attempt to read property "language" on array in C:\Users\koloz\Documents\Files\Iskola\2025-26\web\Biblio\App\Views\Books\index.php on line 12
[13-Sep-2025 18:32:35 UTC] PHP Warning:  Attempt to read property "genre_id" on array in C:\Users\koloz\Documents\Files\Iskola\2025-26\web\Biblio\App\Views\Books\index.php on line 13
[13-Sep-2025 18:32:35 UTC] PHP Warning:  Attempt to read property "author_id" on array in C:\Users\koloz\Documents\Files\Iskola\2025-26\web\Biblio\App\Views\Books\index.php on line 14
[13-Sep-2025 18:32:35 UTC] PHP Warning:  Attempt to read property "publisher_id" on array in C:\Users\koloz\Documents\Files\Iskola\2025-26\web\Biblio\App\Views\Books\index.php on line 15
[13-Sep-2025 18:32:35 UTC] PHP Warning:  Attempt to read property "cover" on array in C:\Users\koloz\Documents\Files\Iskola\2025-26\web\Biblio\App\Views\Books\index.php on line 16
[13-Sep-2025 18:33:30 UTC] PHP Warning:  Attempt to read property "id" on array in C:\Users\koloz\Documents\Files\Iskola\2025-26\web\Biblio\App\Views\Books\index.php on line 7
[13-Sep-2025 18:33:30 UTC] PHP Warning:  Attempt to read property "title" on array in C:\Users\koloz\Documents\Files\Iskola\2025-26\web\Biblio\App\Views\Books\index.php on line 8
[13-Sep-2025 18:33:30 UTC] PHP Warning:  Attempt to read property "pages" on array in C:\Users\koloz\Documents\Files\Iskola\2025-26\web\Biblio\App\Views\Books\index.php on line 9
[13-Sep-2025 18:33:30 UTC] PHP Warning:  Attempt to read property "ISBN" on array in C:\Users\koloz\Documents\Files\Iskola\2025-26\web\Biblio\App\Views\Books\index.php on line 10
[13-Sep-2025 18:33:30 UTC] PHP Warning:  Attempt to read property "release_year" on array in C:\Users\koloz\Documents\Files\Iskola\2025-26\web\Biblio\App\Views\Books\index.php on line 11
[13-Sep-2025 18:33:30 UTC] PHP Warning:  Attempt to read property "language" on array in C:\Users\koloz\Documents\Files\Iskola\2025-26\web\Biblio\App\Views\Books\index.php on line 12
[13-Sep-2025 18:33:30 UTC] PHP Warning:  Attempt to read property "genre_id" on array in C:\Users\koloz\Documents\Files\Iskola\2025-26\web\Biblio\App\Views\Books\index.php on line 13
[13-Sep-2025 18:33:30 UTC] PHP Warning:  Attempt to read property "author_id" on array in C:\Users\koloz\Documents\Files\Iskola\2025-26\web\Biblio\App\Views\Books\index.php on line 14
[13-Sep-2025 18:33:30 UTC] PHP Warning:  Attempt to read property "publisher_id" on array in C:\Users\koloz\Documents\Files\Iskola\2025-26\web\Biblio\App\Views\Books\index.php on line 15
[13-Sep-2025 18:33:30 UTC] PHP Warning:  Attempt to read property "cover" on array in C:\Users\koloz\Documents\Files\Iskola\2025-26\web\Biblio\App\Views\Books\index.php on line 16
[13-Sep-2025 18:33:30 UTC] PHP Warning:  Attempt to read property "id" on array in C:\Users\koloz\Documents\Files\Iskola\2025-26\web\Biblio\App\Views\Books\index.php on line 7
[13-Sep-2025 18:33:30 UTC] PHP Warning:  Attempt to read property "title" on array in C:\Users\koloz\Documents\Files\Iskola\2025-26\web\Biblio\App\Views\Books\index.php on line 8
[13-Sep-2025 18:33:30 UTC] PHP Warning:  Attempt to read property "pages" on array in C:\Users\koloz\Documents\Files\Iskola\2025-26\web\Biblio\App\Views\Books\index.php on line 9
[13-Sep-2025 18:33:30 UTC] PHP Warning:  Attempt to read property "ISBN" on array in C:\Users\koloz\Documents\Files\Iskola\2025-26\web\Biblio\App\Views\Books\index.php on line 10
[13-Sep-2025 18:33:30 UTC] PHP Warning:  Attempt to read property "release_year" on array in C:\Users\koloz\Documents\Files\Iskola\2025-26\web\Biblio\App\Views\Books\index.php on line 11
[13-Sep-2025 18:33:30 UTC] PHP Warning:  Attempt to read property "language" on array in C:\Users\koloz\Documents\Files\Iskola\2025-26\web\Biblio\App\Views\Books\index.php on line 12
[13-Sep-2025 18:33:30 UTC] PHP Warning:  Attempt to read property "genre_id" on array in C:\Users\koloz\Documents\Files\Iskola\2025-26\web\Biblio\App\Views\Books\index.php on line 13
[13-Sep-2025 18:33:30 UTC] PHP Warning:  Attempt to read property "author_id" on array in C:\Users\koloz\Documents\Files\Iskola\2025-26\web\Biblio\App\Views\Books\index.php on line 14
[13-Sep-2025 18:33:30 UTC] PHP Warning:  Attempt to read property "publisher_id" on array in C:\Users\koloz\Documents\Files\Iskola\2025-26\web\Biblio\App\Views\Books\index.php on line 15
[13-Sep-2025 18:33:30 UTC] PHP Warning:  Attempt to read property "cover" on array in C:\Users\koloz\Documents\Files\Iskola\2025-26\web\Biblio\App\Views\Books\index.php on line 16
[13-Sep-2025 18:33:30 UTC] PHP Warning:  Attempt to read property "id" on array in C:\Users\koloz\Documents\Files\Iskola\2025-26\web\Biblio\App\Views\Books\index.php on line 7
[13-Sep-2025 18:33:30 UTC] PHP Warning:  Attempt to read property "title" on array in C:\Users\koloz\Documents\Files\Iskola\2025-26\web\Biblio\App\Views\Books\index.php on line 8
[13-Sep-2025 18:33:30 UTC] PHP Warning:  Attempt to read property "pages" on array in C:\Users\koloz\Documents\Files\Iskola\2025-26\web\Biblio\App\Views\Books\index.php on line 9
[13-Sep-2025 18:33:30 UTC] PHP Warning:  Attempt to read property "ISBN" on array in C:\Users\koloz\Documents\Files\Iskola\2025-26\web\Biblio\App\Views\Books\index.php on line 10
[13-Sep-2025 18:33:30 UTC] PHP Warning:  Attempt to read property "release_year" on array in C:\Users\koloz\Documents\Files\Iskola\2025-26\web\Biblio\App\Views\Books\index.php on line 11
[13-Sep-2025 18:33:30 UTC] PHP Warning:  Attempt to read property "language" on array in C:\Users\koloz\Documents\Files\Iskola\2025-26\web\Biblio\App\Views\Books\index.php on line 12
[13-Sep-2025 18:33:30 UTC] PHP Warning:  Attempt to read property "genre_id" on array in C:\Users\koloz\Documents\Files\Iskola\2025-26\web\Biblio\App\Views\Books\index.php on line 13
[13-Sep-2025 18:33:30 UTC] PHP Warning:  Attempt to read property "author_id" on array in C:\Users\koloz\Documents\Files\Iskola\2025-26\web\Biblio\App\Views\Books\index.php on line 14
[13-Sep-2025 18:33:30 UTC] PHP Warning:  Attempt to read property "publisher_id" on array in C:\Users\koloz\Documents\Files\Iskola\2025-26\web\Biblio\App\Views\Books\index.php on line 15
[13-Sep-2025 18:33:30 UTC] PHP Warning:  Attempt to read property "cover" on array in C:\Users\koloz\Documents\Files\Iskola\2025-26\web\Biblio\App\Views\Books\index.php on line 16
[13-Sep-2025 18:33:30 UTC] PHP Warning:  Attempt to read property "id" on array in C:\Users\koloz\Documents\Files\Iskola\2025-26\web\Biblio\App\Views\Books\index.php on line 7
[13-Sep-2025 18:33:30 UTC] PHP Warning:  Attempt to read property "title" on array in C:\Users\koloz\Documents\Files\Iskola\2025-26\web\Biblio\App\Views\Books\index.php on line 8
[13-Sep-2025 18:33:30 UTC] PHP Warning:  Attempt to read property "pages" on array in C:\Users\koloz\Documents\Files\Iskola\2025-26\web\Biblio\App\Views\Books\index.php on line 9
[13-Sep-2025 18:33:30 UTC] PHP Warning:  Attempt to read property "ISBN" on array in C:\Users\koloz\Documents\Files\Iskola\2025-26\web\Biblio\App\Views\Books\index.php on line 10
[13-Sep-2025 18:33:30 UTC] PHP Warning:  Attempt to read property "release_year" on array in C:\Users\koloz\Documents\Files\Iskola\2025-26\web\Biblio\App\Views\Books\index.php on line 11
[13-Sep-2025 18:33:30 UTC] PHP Warning:  Attempt to read property "language" on array in C:\Users\koloz\Documents\Files\Iskola\2025-26\web\Biblio\App\Views\Books\index.php on line 12
[13-Sep-2025 18:33:30 UTC] PHP Warning:  Attempt to read property "genre_id" on array in C:\Users\koloz\Documents\Files\Iskola\2025-26\web\Biblio\App\Views\Books\index.php on line 13
[13-Sep-2025 18:33:30 UTC] PHP Warning:  Attempt to read property "author_id" on array in C:\Users\koloz\Documents\Files\Iskola\2025-26\web\Biblio\App\Views\Books\index.php on line 14
[13-Sep-2025 18:33:30 UTC] PHP Warning:  Attempt to read property "publisher_id" on array in C:\Users\koloz\Documents\Files\Iskola\2025-26\web\Biblio\App\Views\Books\index.php on line 15
[13-Sep-2025 18:33:30 UTC] PHP Warning:  Attempt to read property "cover" on array in C:\Users\koloz\Documents\Files\Iskola\2025-26\web\Biblio\App\Views\Books\index.php on line 16
[13-Sep-2025 18:33:30 UTC] PHP Warning:  Attempt to read property "id" on array in C:\Users\koloz\Documents\Files\Iskola\2025-26\web\Biblio\App\Views\Books\index.php on line 7
[13-Sep-2025 18:33:30 UTC] PHP Warning:  Attempt to read property "title" on array in C:\Users\koloz\Documents\Files\Iskola\2025-26\web\Biblio\App\Views\Books\index.php on line 8
[13-Sep-2025 18:33:30 UTC] PHP Warning:  Attempt to read property "pages" on array in C:\Users\koloz\Documents\Files\Iskola\2025-26\web\Biblio\App\Views\Books\index.php on line 9
[13-Sep-2025 18:33:30 UTC] PHP Warning:  Attempt to read property "ISBN" on array in C:\Users\koloz\Documents\Files\Iskola\2025-26\web\Biblio\App\Views\Books\index.php on line 10
[13-Sep-2025 18:33:30 UTC] PHP Warning:  Attempt to read property "release_year" on array in C:\Users\koloz\Documents\Files\Iskola\2025-26\web\Biblio\App\Views\Books\index.php on line 11
[13-Sep-2025 18:33:30 UTC] PHP Warning:  Attempt to read property "language" on array in C:\Users\koloz\Documents\Files\Iskola\2025-26\web\Biblio\App\Views\Books\index.php on line 12
[13-Sep-2025 18:33:30 UTC] PHP Warning:  Attempt to read property "genre_id" on array in C:\Users\koloz\Documents\Files\Iskola\2025-26\web\Biblio\App\Views\Books\index.php on line 13
[13-Sep-2025 18:33:30 UTC] PHP Warning:  Attempt to read property "author_id" on array in C:\Users\koloz\Documents\Files\Iskola\2025-26\web\Biblio\App\Views\Books\index.php on line 14
[13-Sep-2025 18:33:30 UTC] PHP Warning:  Attempt to read property "publisher_id" on array in C:\Users\koloz\Documents\Files\Iskola\2025-26\web\Biblio\App\Views\Books\index.php on line 15
[13-Sep-2025 18:33:30 UTC] PHP Warning:  Attempt to read property "cover" on array in C:\Users\koloz\Documents\Files\Iskola\2025-26\web\Biblio\App\Views\Books\index.php on line 16
[13-Sep-2025 18:33:30 UTC] PHP Warning:  Attempt to read property "id" on array in C:\Users\koloz\Documents\Files\Iskola\2025-26\web\Biblio\App\Views\Books\index.php on line 7
[13-Sep-2025 18:33:30 UTC] PHP Warning:  Attempt to read property "title" on array in C:\Users\koloz\Documents\Files\Iskola\2025-26\web\Biblio\App\Views\Books\index.php on line 8
[13-Sep-2025 18:33:30 UTC] PHP Warning:  Attempt to read property "pages" on array in C:\Users\koloz\Documents\Files\Iskola\2025-26\web\Biblio\App\Views\Books\index.php on line 9
[13-Sep-2025 18:33:30 UTC] PHP Warning:  Attempt to read property "ISBN" on array in C:\Users\koloz\Documents\Files\Iskola\2025-26\web\Biblio\App\Views\Books\index.php on line 10
[13-Sep-2025 18:33:30 UTC] PHP Warning:  Attempt to read property "release_year" on array in C:\Users\koloz\Documents\Files\Iskola\2025-26\web\Biblio\App\Views\Books\index.php on line 11
[13-Sep-2025 18:33:30 UTC] PHP Warning:  Attempt to read property "language" on array in C:\Users\koloz\Documents\Files\Iskola\2025-26\web\Biblio\App\Views\Books\index.php on line 12
[13-Sep-2025 18:33:30 UTC] PHP Warning:  Attempt to read property "genre_id" on array in C:\Users\koloz\Documents\Files\Iskola\2025-26\web\Biblio\App\Views\Books\index.php on line 13
[13-Sep-2025 18:33:30 UTC] PHP Warning:  Attempt to read property "author_id" on array in C:\Users\koloz\Documents\Files\Iskola\2025-26\web\Biblio\App\Views\Books\index.php on line 14
[13-Sep-2025 18:33:30 UTC] PHP Warning:  Attempt to read property "publisher_id" on array in C:\Users\koloz\Documents\Files\Iskola\2025-26\web\Biblio\App\Views\Books\index.php on line 15
[13-Sep-2025 18:33:30 UTC] PHP Warning:  Attempt to read property "cover" on array in C:\Users\koloz\Documents\Files\Iskola\2025-26\web\Biblio\App\Views\Books\index.php on line 16
[13-Sep-2025 18:33:44 UTC] PHP Warning:  Attempt to read property "id" on array in C:\Users\koloz\Documents\Files\Iskola\2025-26\web\Biblio\App\Views\Books\index.php on line 7
[13-Sep-2025 18:33:44 UTC] PHP Warning:  Attempt to read property "title" on array in C:\Users\koloz\Documents\Files\Iskola\2025-26\web\Biblio\App\Views\Books\index.php on line 8
[13-Sep-2025 18:33:44 UTC] PHP Warning:  Attempt to read property "pages" on array in C:\Users\koloz\Documents\Files\Iskola\2025-26\web\Biblio\App\Views\Books\index.php on line 9
[13-Sep-2025 18:33:44 UTC] PHP Warning:  Attempt to read property "ISBN" on array in C:\Users\koloz\Documents\Files\Iskola\2025-26\web\Biblio\App\Views\Books\index.php on line 10
[13-Sep-2025 18:33:44 UTC] PHP Warning:  Attempt to read property "release_year" on array in C:\Users\koloz\Documents\Files\Iskola\2025-26\web\Biblio\App\Views\Books\index.php on line 11
[13-Sep-2025 18:33:44 UTC] PHP Warning:  Attempt to read property "language" on array in C:\Users\koloz\Documents\Files\Iskola\2025-26\web\Biblio\App\Views\Books\index.php on line 12
[13-Sep-2025 18:33:44 UTC] PHP Warning:  Attempt to read property "genre_id" on array in C:\Users\koloz\Documents\Files\Iskola\2025-26\web\Biblio\App\Views\Books\index.php on line 13
[13-Sep-2025 18:33:44 UTC] PHP Warning:  Attempt to read property "author_id" on array in C:\Users\koloz\Documents\Files\Iskola\2025-26\web\Biblio\App\Views\Books\index.php on line 14
[13-Sep-2025 18:33:44 UTC] PHP Warning:  Attempt to read property "publisher_id" on array in C:\Users\koloz\Documents\Files\Iskola\2025-26\web\Biblio\App\Views\Books\index.php on line 15
[13-Sep-2025 18:33:44 UTC] PHP Warning:  Attempt to read property "cover" on array in C:\Users\koloz\Documents\Files\Iskola\2025-26\web\Biblio\App\Views\Books\index.php on line 16
[13-Sep-2025 18:33:44 UTC] PHP Warning:  Attempt to read property "id" on array in C:\Users\koloz\Documents\Files\Iskola\2025-26\web\Biblio\App\Views\Books\index.php on line 7
[13-Sep-2025 18:33:44 UTC] PHP Warning:  Attempt to read property "title" on array in C:\Users\koloz\Documents\Files\Iskola\2025-26\web\Biblio\App\Views\Books\index.php on line 8
[13-Sep-2025 18:33:44 UTC] PHP Warning:  Attempt to read property "pages" on array in C:\Users\koloz\Documents\Files\Iskola\2025-26\web\Biblio\App\Views\Books\index.php on line 9
[13-Sep-2025 18:33:44 UTC] PHP Warning:  Attempt to read property "ISBN" on array in C:\Users\koloz\Documents\Files\Iskola\2025-26\web\Biblio\App\Views\Books\index.php on line 10
[13-Sep-2025 18:33:44 UTC] PHP Warning:  Attempt to read property "release_year" on array in C:\Users\koloz\Documents\Files\Iskola\2025-26\web\Biblio\App\Views\Books\index.php on line 11
[13-Sep-2025 18:33:44 UTC] PHP Warning:  Attempt to read property "language" on array in C:\Users\koloz\Documents\Files\Iskola\2025-26\web\Biblio\App\Views\Books\index.php on line 12
[13-Sep-2025 18:33:44 UTC] PHP Warning:  Attempt to read property "genre_id" on array in C:\Users\koloz\Documents\Files\Iskola\2025-26\web\Biblio\App\Views\Books\index.php on line 13
[13-Sep-2025 18:33:44 UTC] PHP Warning:  Attempt to read property "author_id" on array in C:\Users\koloz\Documents\Files\Iskola\2025-26\web\Biblio\App\Views\Books\index.php on line 14
[13-Sep-2025 18:33:44 UTC] PHP Warning:  Attempt to read property "publisher_id" on array in C:\Users\koloz\Documents\Files\Iskola\2025-26\web\Biblio\App\Views\Books\index.php on line 15
[13-Sep-2025 18:33:44 UTC] PHP Warning:  Attempt to read property "cover" on array in C:\Users\koloz\Documents\Files\Iskola\2025-26\web\Biblio\App\Views\Books\index.php on line 16
[13-Sep-2025 18:33:44 UTC] PHP Warning:  Attempt to read property "id" on array in C:\Users\koloz\Documents\Files\Iskola\2025-26\web\Biblio\App\Views\Books\index.php on line 7
[13-Sep-2025 18:33:44 UTC] PHP Warning:  Attempt to read property "title" on array in C:\Users\koloz\Documents\Files\Iskola\2025-26\web\Biblio\App\Views\Books\index.php on line 8
[13-Sep-2025 18:33:44 UTC] PHP Warning:  Attempt to read property "pages" on array in C:\Users\koloz\Documents\Files\Iskola\2025-26\web\Biblio\App\Views\Books\index.php on line 9
[13-Sep-2025 18:33:44 UTC] PHP Warning:  Attempt to read property "ISBN" on array in C:\Users\koloz\Documents\Files\Iskola\2025-26\web\Biblio\App\Views\Books\index.php on line 10
[13-Sep-2025 18:33:44 UTC] PHP Warning:  Attempt to read property "release_year" on array in C:\Users\koloz\Documents\Files\Iskola\2025-26\web\Biblio\App\Views\Books\index.php on line 11
[13-Sep-2025 18:33:44 UTC] PHP Warning:  Attempt to read property "language" on array in C:\Users\koloz\Documents\Files\Iskola\2025-26\web\Biblio\App\Views\Books\index.php on line 12
[13-Sep-2025 18:33:44 UTC] PHP Warning:  Attempt to read property "genre_id" on array in C:\Users\koloz\Documents\Files\Iskola\2025-26\web\Biblio\App\Views\Books\index.php on line 13
[13-Sep-2025 18:33:44 UTC] PHP Warning:  Attempt to read property "author_id" on array in C:\Users\koloz\Documents\Files\Iskola\2025-26\web\Biblio\App\Views\Books\index.php on line 14
[13-Sep-2025 18:33:44 UTC] PHP Warning:  Attempt to read property "publisher_id" on array in C:\Users\koloz\Documents\Files\Iskola\2025-26\web\Biblio\App\Views\Books\index.php on line 15
[13-Sep-2025 18:33:44 UTC] PHP Warning:  Attempt to read property "cover" on array in C:\Users\koloz\Documents\Files\Iskola\2025-26\web\Biblio\App\Views\Books\index.php on line 16
[13-Sep-2025 18:33:44 UTC] PHP Warning:  Attempt to read property "id" on array in C:\Users\koloz\Documents\Files\Iskola\2025-26\web\Biblio\App\Views\Books\index.php on line 7
[13-Sep-2025 18:33:44 UTC] PHP Warning:  Attempt to read property "title" on array in C:\Users\koloz\Documents\Files\Iskola\2025-26\web\Biblio\App\Views\Books\index.php on line 8
[13-Sep-2025 18:33:44 UTC] PHP Warning:  Attempt to read property "pages" on array in C:\Users\koloz\Documents\Files\Iskola\2025-26\web\Biblio\App\Views\Books\index.php on line 9
[13-Sep-2025 18:33:44 UTC] PHP Warning:  Attempt to read property "ISBN" on array in C:\Users\koloz\Documents\Files\Iskola\2025-26\web\Biblio\App\Views\Books\index.php on line 10
[13-Sep-2025 18:33:44 UTC] PHP Warning:  Attempt to read property "release_year" on array in C:\Users\koloz\Documents\Files\Iskola\2025-26\web\Biblio\App\Views\Books\index.php on line 11
[13-Sep-2025 18:33:44 UTC] PHP Warning:  Attempt to read property "language" on array in C:\Users\koloz\Documents\Files\Iskola\2025-26\web\Biblio\App\Views\Books\index.php on line 12
[13-Sep-2025 18:33:44 UTC] PHP Warning:  Attempt to read property "genre_id" on array in C:\Users\koloz\Documents\Files\Iskola\2025-26\web\Biblio\App\Views\Books\index.php on line 13
[13-Sep-2025 18:33:44 UTC] PHP Warning:  Attempt to read property "author_id" on array in C:\Users\koloz\Documents\Files\Iskola\2025-26\web\Biblio\App\Views\Books\index.php on line 14
[13-Sep-2025 18:33:44 UTC] PHP Warning:  Attempt to read property "publisher_id" on array in C:\Users\koloz\Documents\Files\Iskola\2025-26\web\Biblio\App\Views\Books\index.php on line 15
[13-Sep-2025 18:33:44 UTC] PHP Warning:  Attempt to read property "cover" on array in C:\Users\koloz\Documents\Files\Iskola\2025-26\web\Biblio\App\Views\Books\index.php on line 16
[13-Sep-2025 18:33:44 UTC] PHP Warning:  Attempt to read property "id" on array in C:\Users\koloz\Documents\Files\Iskola\2025-26\web\Biblio\App\Views\Books\index.php on line 7
[13-Sep-2025 18:33:44 UTC] PHP Warning:  Attempt to read property "title" on array in C:\Users\koloz\Documents\Files\Iskola\2025-26\web\Biblio\App\Views\Books\index.php on line 8
[13-Sep-2025 18:33:44 UTC] PHP Warning:  Attempt to read property "pages" on array in C:\Users\koloz\Documents\Files\Iskola\2025-26\web\Biblio\App\Views\Books\index.php on line 9
[13-Sep-2025 18:33:44 UTC] PHP Warning:  Attempt to read property "ISBN" on array in C:\Users\koloz\Documents\Files\Iskola\2025-26\web\Biblio\App\Views\Books\index.php on line 10
[13-Sep-2025 18:33:44 UTC] PHP Warning:  Attempt to read property "release_year" on array in C:\Users\koloz\Documents\Files\Iskola\2025-26\web\Biblio\App\Views\Books\index.php on line 11
[13-Sep-2025 18:33:44 UTC] PHP Warning:  Attempt to read property "language" on array in C:\Users\koloz\Documents\Files\Iskola\2025-26\web\Biblio\App\Views\Books\index.php on line 12
[13-Sep-2025 18:33:44 UTC] PHP Warning:  Attempt to read property "genre_id" on array in C:\Users\koloz\Documents\Files\Iskola\2025-26\web\Biblio\App\Views\Books\index.php on line 13
[13-Sep-2025 18:33:44 UTC] PHP Warning:  Attempt to read property "author_id" on array in C:\Users\koloz\Documents\Files\Iskola\2025-26\web\Biblio\App\Views\Books\index.php on line 14
[13-Sep-2025 18:33:44 UTC] PHP Warning:  Attempt to read property "publisher_id" on array in C:\Users\koloz\Documents\Files\Iskola\2025-26\web\Biblio\App\Views\Books\index.php on line 15
[13-Sep-2025 18:33:44 UTC] PHP Warning:  Attempt to read property "cover" on array in C:\Users\koloz\Documents\Files\Iskola\2025-26\web\Biblio\App\Views\Books\index.php on line 16
[13-Sep-2025 18:33:44 UTC] PHP Warning:  Attempt to read property "id" on array in C:\Users\koloz\Documents\Files\Iskola\2025-26\web\Biblio\App\Views\Books\index.php on line 7
[13-Sep-2025 18:33:44 UTC] PHP Warning:  Attempt to read property "title" on array in C:\Users\koloz\Documents\Files\Iskola\2025-26\web\Biblio\App\Views\Books\index.php on line 8
[13-Sep-2025 18:33:44 UTC] PHP Warning:  Attempt to read property "pages" on array in C:\Users\koloz\Documents\Files\Iskola\2025-26\web\Biblio\App\Views\Books\index.php on line 9
[13-Sep-2025 18:33:44 UTC] PHP Warning:  Attempt to read property "ISBN" on array in C:\Users\koloz\Documents\Files\Iskola\2025-26\web\Biblio\App\Views\Books\index.php on line 10
[13-Sep-2025 18:33:44 UTC] PHP Warning:  Attempt to read property "release_year" on array in C:\Users\koloz\Documents\Files\Iskola\2025-26\web\Biblio\App\Views\Books\index.php on line 11
[13-Sep-2025 18:33:44 UTC] PHP Warning:  Attempt to read property "language" on array in C:\Users\koloz\Documents\Files\Iskola\2025-26\web\Biblio\App\Views\Books\index.php on line 12
[13-Sep-2025 18:33:44 UTC] PHP Warning:  Attempt to read property "genre_id" on array in C:\Users\koloz\Documents\Files\Iskola\2025-26\web\Biblio\App\Views\Books\index.php on line 13
[13-Sep-2025 18:33:44 UTC] PHP Warning:  Attempt to read property "author_id" on array in C:\Users\koloz\Documents\Files\Iskola\2025-26\web\Biblio\App\Views\Books\index.php on line 14
[13-Sep-2025 18:33:44 UTC] PHP Warning:  Attempt to read property "publisher_id" on array in C:\Users\koloz\Documents\Files\Iskola\2025-26\web\Biblio\App\Views\Books\index.php on line 15
[13-Sep-2025 18:33:44 UTC] PHP Warning:  Attempt to read property "cover" on array in C:\Users\koloz\Documents\Files\Iskola\2025-26\web\Biblio\App\Views\Books\index.php on line 16
[13-Sep-2025 18:33:45 UTC] PHP Warning:  Attempt to read property "id" on array in C:\Users\koloz\Documents\Files\Iskola\2025-26\web\Biblio\App\Views\Books\index.php on line 7
[13-Sep-2025 18:33:45 UTC] PHP Warning:  Attempt to read property "title" on array in C:\Users\koloz\Documents\Files\Iskola\2025-26\web\Biblio\App\Views\Books\index.php on line 8
[13-Sep-2025 18:33:45 UTC] PHP Warning:  Attempt to read property "pages" on array in C:\Users\koloz\Documents\Files\Iskola\2025-26\web\Biblio\App\Views\Books\index.php on line 9
[13-Sep-2025 18:33:45 UTC] PHP Warning:  Attempt to read property "ISBN" on array in C:\Users\koloz\Documents\Files\Iskola\2025-26\web\Biblio\App\Views\Books\index.php on line 10
[13-Sep-2025 18:33:45 UTC] PHP Warning:  Attempt to read property "release_year" on array in C:\Users\koloz\Documents\Files\Iskola\2025-26\web\Biblio\App\Views\Books\index.php on line 11
[13-Sep-2025 18:33:45 UTC] PHP Warning:  Attempt to read property "language" on array in C:\Users\koloz\Documents\Files\Iskola\2025-26\web\Biblio\App\Views\Books\index.php on line 12
[13-Sep-2025 18:33:45 UTC] PHP Warning:  Attempt to read property "genre_id" on array in C:\Users\koloz\Documents\Files\Iskola\2025-26\web\Biblio\App\Views\Books\index.php on line 13
[13-Sep-2025 18:33:45 UTC] PHP Warning:  Attempt to read property "author_id" on array in C:\Users\koloz\Documents\Files\Iskola\2025-26\web\Biblio\App\Views\Books\index.php on line 14
[13-Sep-2025 18:33:45 UTC] PHP Warning:  Attempt to read property "publisher_id" on array in C:\Users\koloz\Documents\Files\Iskola\2025-26\web\Biblio\App\Views\Books\index.php on line 15
[13-Sep-2025 18:33:45 UTC] PHP Warning:  Attempt to read property "cover" on array in C:\Users\koloz\Documents\Files\Iskola\2025-26\web\Biblio\App\Views\Books\index.php on line 16
[13-Sep-2025 18:33:45 UTC] PHP Warning:  Attempt to read property "id" on array in C:\Users\koloz\Documents\Files\Iskola\2025-26\web\Biblio\App\Views\Books\index.php on line 7
[13-Sep-2025 18:33:45 UTC] PHP Warning:  Attempt to read property "title" on array in C:\Users\koloz\Documents\Files\Iskola\2025-26\web\Biblio\App\Views\Books\index.php on line 8
[13-Sep-2025 18:33:45 UTC] PHP Warning:  Attempt to read property "pages" on array in C:\Users\koloz\Documents\Files\Iskola\2025-26\web\Biblio\App\Views\Books\index.php on line 9
[13-Sep-2025 18:33:45 UTC] PHP Warning:  Attempt to read property "ISBN" on array in C:\Users\koloz\Documents\Files\Iskola\2025-26\web\Biblio\App\Views\Books\index.php on line 10
[13-Sep-2025 18:33:45 UTC] PHP Warning:  Attempt to read property "release_year" on array in C:\Users\koloz\Documents\Files\Iskola\2025-26\web\Biblio\App\Views\Books\index.php on line 11
[13-Sep-2025 18:33:45 UTC] PHP Warning:  Attempt to read property "language" on array in C:\Users\koloz\Documents\Files\Iskola\2025-26\web\Biblio\App\Views\Books\index.php on line 12
[13-Sep-2025 18:33:45 UTC] PHP Warning:  Attempt to read property "genre_id" on array in C:\Users\koloz\Documents\Files\Iskola\2025-26\web\Biblio\App\Views\Books\index.php on line 13
[13-Sep-2025 18:33:45 UTC] PHP Warning:  Attempt to read property "author_id" on array in C:\Users\koloz\Documents\Files\Iskola\2025-26\web\Biblio\App\Views\Books\index.php on line 14
[13-Sep-2025 18:33:45 UTC] PHP Warning:  Attempt to read property "publisher_id" on array in C:\Users\koloz\Documents\Files\Iskola\2025-26\web\Biblio\App\Views\Books\index.php on line 15
[13-Sep-2025 18:33:45 UTC] PHP Warning:  Attempt to read property "cover" on array in C:\Users\koloz\Documents\Files\Iskola\2025-26\web\Biblio\App\Views\Books\index.php on line 16
[13-Sep-2025 18:33:45 UTC] PHP Warning:  Attempt to read property "id" on array in C:\Users\koloz\Documents\Files\Iskola\2025-26\web\Biblio\App\Views\Books\index.php on line 7
[13-Sep-2025 18:33:45 UTC] PHP Warning:  Attempt to read property "title" on array in C:\Users\koloz\Documents\Files\Iskola\2025-26\web\Biblio\App\Views\Books\index.php on line 8
[13-Sep-2025 18:33:45 UTC] PHP Warning:  Attempt to read property "pages" on array in C:\Users\koloz\Documents\Files\Iskola\2025-26\web\Biblio\App\Views\Books\index.php on line 9
[13-Sep-2025 18:33:45 UTC] PHP Warning:  Attempt to read property "ISBN" on array in C:\Users\koloz\Documents\Files\Iskola\2025-26\web\Biblio\App\Views\Books\index.php on line 10
[13-Sep-2025 18:33:45 UTC] PHP Warning:  Attempt to read property "release_year" on array in C:\Users\koloz\Documents\Files\Iskola\2025-26\web\Biblio\App\Views\Books\index.php on line 11
[13-Sep-2025 18:33:45 UTC] PHP Warning:  Attempt to read property "language" on array in C:\Users\koloz\Documents\Files\Iskola\2025-26\web\Biblio\App\Views\Books\index.php on line 12
[13-Sep-2025 18:33:45 UTC] PHP Warning:  Attempt to read property "genre_id" on array in C:\Users\koloz\Documents\Files\Iskola\2025-26\web\Biblio\App\Views\Books\index.php on line 13
[13-Sep-2025 18:33:45 UTC] PHP Warning:  Attempt to read property "author_id" on array in C:\Users\koloz\Documents\Files\Iskola\2025-26\web\Biblio\App\Views\Books\index.php on line 14
[13-Sep-2025 18:33:45 UTC] PHP Warning:  Attempt to read property "publisher_id" on array in C:\Users\koloz\Documents\Files\Iskola\2025-26\web\Biblio\App\Views\Books\index.php on line 15
[13-Sep-2025 18:33:45 UTC] PHP Warning:  Attempt to read property "cover" on array in C:\Users\koloz\Documents\Files\Iskola\2025-26\web\Biblio\App\Views\Books\index.php on line 16
[13-Sep-2025 18:33:45 UTC] PHP Warning:  Attempt to read property "id" on array in C:\Users\koloz\Documents\Files\Iskola\2025-26\web\Biblio\App\Views\Books\index.php on line 7
[13-Sep-2025 18:33:45 UTC] PHP Warning:  Attempt to read property "title" on array in C:\Users\koloz\Documents\Files\Iskola\2025-26\web\Biblio\App\Views\Books\index.php on line 8
[13-Sep-2025 18:33:45 UTC] PHP Warning:  Attempt to read property "pages" on array in C:\Users\koloz\Documents\Files\Iskola\2025-26\web\Biblio\App\Views\Books\index.php on line 9
[13-Sep-2025 18:33:45 UTC] PHP Warning:  Attempt to read property "ISBN" on array in C:\Users\koloz\Documents\Files\Iskola\2025-26\web\Biblio\App\Views\Books\index.php on line 10
[13-Sep-2025 18:33:45 UTC] PHP Warning:  Attempt to read property "release_year" on array in C:\Users\koloz\Documents\Files\Iskola\2025-26\web\Biblio\App\Views\Books\index.php on line 11
[13-Sep-2025 18:33:45 UTC] PHP Warning:  Attempt to read property "language" on array in C:\Users\koloz\Documents\Files\Iskola\2025-26\web\Biblio\App\Views\Books\index.php on line 12
[13-Sep-2025 18:33:45 UTC] PHP Warning:  Attempt to read property "genre_id" on array in C:\Users\koloz\Documents\Files\Iskola\2025-26\web\Biblio\App\Views\Books\index.php on line 13
[13-Sep-2025 18:33:45 UTC] PHP Warning:  Attempt to read property "author_id" on array in C:\Users\koloz\Documents\Files\Iskola\2025-26\web\Biblio\App\Views\Books\index.php on line 14
[13-Sep-2025 18:33:45 UTC] PHP Warning:  Attempt to read property "publisher_id" on array in C:\Users\koloz\Documents\Files\Iskola\2025-26\web\Biblio\App\Views\Books\index.php on line 15
[13-Sep-2025 18:33:45 UTC] PHP Warning:  Attempt to read property "cover" on array in C:\Users\koloz\Documents\Files\Iskola\2025-26\web\Biblio\App\Views\Books\index.php on line 16
[13-Sep-2025 18:33:45 UTC] PHP Warning:  Attempt to read property "id" on array in C:\Users\koloz\Documents\Files\Iskola\2025-26\web\Biblio\App\Views\Books\index.php on line 7
[13-Sep-2025 18:33:45 UTC] PHP Warning:  Attempt to read property "title" on array in C:\Users\koloz\Documents\Files\Iskola\2025-26\web\Biblio\App\Views\Books\index.php on line 8
[13-Sep-2025 18:33:45 UTC] PHP Warning:  Attempt to read property "pages" on array in C:\Users\koloz\Documents\Files\Iskola\2025-26\web\Biblio\App\Views\Books\index.php on line 9
[13-Sep-2025 18:33:45 UTC] PHP Warning:  Attempt to read property "ISBN" on array in C:\Users\koloz\Documents\Files\Iskola\2025-26\web\Biblio\App\Views\Books\index.php on line 10
[13-Sep-2025 18:33:45 UTC] PHP Warning:  Attempt to read property "release_year" on array in C:\Users\koloz\Documents\Files\Iskola\2025-26\web\Biblio\App\Views\Books\index.php on line 11
[13-Sep-2025 18:33:45 UTC] PHP Warning:  Attempt to read property "language" on array in C:\Users\koloz\Documents\Files\Iskola\2025-26\web\Biblio\App\Views\Books\index.php on line 12
[13-Sep-2025 18:33:45 UTC] PHP Warning:  Attempt to read property "genre_id" on array in C:\Users\koloz\Documents\Files\Iskola\2025-26\web\Biblio\App\Views\Books\index.php on line 13
[13-Sep-2025 18:33:45 UTC] PHP Warning:  Attempt to read property "author_id" on array in C:\Users\koloz\Documents\Files\Iskola\2025-26\web\Biblio\App\Views\Books\index.php on line 14
[13-Sep-2025 18:33:45 UTC] PHP Warning:  Attempt to read property "publisher_id" on array in C:\Users\koloz\Documents\Files\Iskola\2025-26\web\Biblio\App\Views\Books\index.php on line 15
[13-Sep-2025 18:33:45 UTC] PHP Warning:  Attempt to read property "cover" on array in C:\Users\koloz\Documents\Files\Iskola\2025-26\web\Biblio\App\Views\Books\index.php on line 16
[13-Sep-2025 18:33:45 UTC] PHP Warning:  Attempt to read property "id" on array in C:\Users\koloz\Documents\Files\Iskola\2025-26\web\Biblio\App\Views\Books\index.php on line 7
[13-Sep-2025 18:33:45 UTC] PHP Warning:  Attempt to read property "title" on array in C:\Users\koloz\Documents\Files\Iskola\2025-26\web\Biblio\App\Views\Books\index.php on line 8
[13-Sep-2025 18:33:45 UTC] PHP Warning:  Attempt to read property "pages" on array in C:\Users\koloz\Documents\Files\Iskola\2025-26\web\Biblio\App\Views\Books\index.php on line 9
[13-Sep-2025 18:33:45 UTC] PHP Warning:  Attempt to read property "ISBN" on array in C:\Users\koloz\Documents\Files\Iskola\2025-26\web\Biblio\App\Views\Books\index.php on line 10
[13-Sep-2025 18:33:45 UTC] PHP Warning:  Attempt to read property "release_year" on array in C:\Users\koloz\Documents\Files\Iskola\2025-26\web\Biblio\App\Views\Books\index.php on line 11
[13-Sep-2025 18:33:45 UTC] PHP Warning:  Attempt to read property "language" on array in C:\Users\koloz\Documents\Files\Iskola\2025-26\web\Biblio\App\Views\Books\index.php on line 12
[13-Sep-2025 18:33:45 UTC] PHP Warning:  Attempt to read property "genre_id" on array in C:\Users\koloz\Documents\Files\Iskola\2025-26\web\Biblio\App\Views\Books\index.php on line 13
[13-Sep-2025 18:33:45 UTC] PHP Warning:  Attempt to read property "author_id" on array in C:\Users\koloz\Documents\Files\Iskola\2025-26\web\Biblio\App\Views\Books\index.php on line 14
[13-Sep-2025 18:33:45 UTC] PHP Warning:  Attempt to read property "publisher_id" on array in C:\Users\koloz\Documents\Files\Iskola\2025-26\web\Biblio\App\Views\Books\index.php on line 15
[13-Sep-2025 18:33:45 UTC] PHP Warning:  Attempt to read property "cover" on array in C:\Users\koloz\Documents\Files\Iskola\2025-26\web\Biblio\App\Views\Books\index.php on line 16
[13-Sep-2025 18:34:01 UTC] PHP Warning:  Attempt to read property "id" on array in C:\Users\koloz\Documents\Files\Iskola\2025-26\web\Biblio\App\Views\Books\index.php on line 7
[13-Sep-2025 18:34:01 UTC] PHP Warning:  Attempt to read property "title" on array in C:\Users\koloz\Documents\Files\Iskola\2025-26\web\Biblio\App\Views\Books\index.php on line 8
[13-Sep-2025 18:34:01 UTC] PHP Warning:  Attempt to read property "pages" on array in C:\Users\koloz\Documents\Files\Iskola\2025-26\web\Biblio\App\Views\Books\index.php on line 9
[13-Sep-2025 18:34:01 UTC] PHP Warning:  Attempt to read property "ISBN" on array in C:\Users\koloz\Documents\Files\Iskola\2025-26\web\Biblio\App\Views\Books\index.php on line 10
[13-Sep-2025 18:34:01 UTC] PHP Warning:  Attempt to read property "release_year" on array in C:\Users\koloz\Documents\Files\Iskola\2025-26\web\Biblio\App\Views\Books\index.php on line 11
[13-Sep-2025 18:34:01 UTC] PHP Warning:  Attempt to read property "language" on array in C:\Users\koloz\Documents\Files\Iskola\2025-26\web\Biblio\App\Views\Books\index.php on line 12
[13-Sep-2025 18:34:01 UTC] PHP Warning:  Attempt to read property "genre_id" on array in C:\Users\koloz\Documents\Files\Iskola\2025-26\web\Biblio\App\Views\Books\index.php on line 13
[13-Sep-2025 18:34:01 UTC] PHP Warning:  Attempt to read property "author_id" on array in C:\Users\koloz\Documents\Files\Iskola\2025-26\web\Biblio\App\Views\Books\index.php on line 14
[13-Sep-2025 18:34:01 UTC] PHP Warning:  Attempt to read property "publisher_id" on array in C:\Users\koloz\Documents\Files\Iskola\2025-26\web\Biblio\App\Views\Books\index.php on line 15
[13-Sep-2025 18:34:01 UTC] PHP Warning:  Attempt to read property "cover" on array in C:\Users\koloz\Documents\Files\Iskola\2025-26\web\Biblio\App\Views\Books\index.php on line 16
[13-Sep-2025 18:34:01 UTC] PHP Warning:  Attempt to read property "id" on array in C:\Users\koloz\Documents\Files\Iskola\2025-26\web\Biblio\App\Views\Books\index.php on line 7
[13-Sep-2025 18:34:01 UTC] PHP Warning:  Attempt to read property "title" on array in C:\Users\koloz\Documents\Files\Iskola\2025-26\web\Biblio\App\Views\Books\index.php on line 8
[13-Sep-2025 18:34:01 UTC] PHP Warning:  Attempt to read property "pages" on array in C:\Users\koloz\Documents\Files\Iskola\2025-26\web\Biblio\App\Views\Books\index.php on line 9
[13-Sep-2025 18:34:01 UTC] PHP Warning:  Attempt to read property "ISBN" on array in C:\Users\koloz\Documents\Files\Iskola\2025-26\web\Biblio\App\Views\Books\index.php on line 10
[13-Sep-2025 18:34:01 UTC] PHP Warning:  Attempt to read property "release_year" on array in C:\Users\koloz\Documents\Files\Iskola\2025-26\web\Biblio\App\Views\Books\index.php on line 11
[13-Sep-2025 18:34:01 UTC] PHP Warning:  Attempt to read property "language" on array in C:\Users\koloz\Documents\Files\Iskola\2025-26\web\Biblio\App\Views\Books\index.php on line 12
[13-Sep-2025 18:34:01 UTC] PHP Warning:  Attempt to read property "genre_id" on array in C:\Users\koloz\Documents\Files\Iskola\2025-26\web\Biblio\App\Views\Books\index.php on line 13
[13-Sep-2025 18:34:01 UTC] PHP Warning:  Attempt to read property "author_id" on array in C:\Users\koloz\Documents\Files\Iskola\2025-26\web\Biblio\App\Views\Books\index.php on line 14
[13-Sep-2025 18:34:01 UTC] PHP Warning:  Attempt to read property "publisher_id" on array in C:\Users\koloz\Documents\Files\Iskola\2025-26\web\Biblio\App\Views\Books\index.php on line 15
[13-Sep-2025 18:34:01 UTC] PHP Warning:  Attempt to read property "cover" on array in C:\Users\koloz\Documents\Files\Iskola\2025-26\web\Biblio\App\Views\Books\index.php on line 16
[13-Sep-2025 18:34:01 UTC] PHP Warning:  Attempt to read property "id" on array in C:\Users\koloz\Documents\Files\Iskola\2025-26\web\Biblio\App\Views\Books\index.php on line 7
[13-Sep-2025 18:34:01 UTC] PHP Warning:  Attempt to read property "title" on array in C:\Users\koloz\Documents\Files\Iskola\2025-26\web\Biblio\App\Views\Books\index.php on line 8
[13-Sep-2025 18:34:01 UTC] PHP Warning:  Attempt to read property "pages" on array in C:\Users\koloz\Documents\Files\Iskola\2025-26\web\Biblio\App\Views\Books\index.php on line 9
[13-Sep-2025 18:34:01 UTC] PHP Warning:  Attempt to read property "ISBN" on array in C:\Users\koloz\Documents\Files\Iskola\2025-26\web\Biblio\App\Views\Books\index.php on line 10
[13-Sep-2025 18:34:01 UTC] PHP Warning:  Attempt to read property "release_year" on array in C:\Users\koloz\Documents\Files\Iskola\2025-26\web\Biblio\App\Views\Books\index.php on line 11
[13-Sep-2025 18:34:01 UTC] PHP Warning:  Attempt to read property "language" on array in C:\Users\koloz\Documents\Files\Iskola\2025-26\web\Biblio\App\Views\Books\index.php on line 12
[13-Sep-2025 18:34:01 UTC] PHP Warning:  Attempt to read property "genre_id" on array in C:\Users\koloz\Documents\Files\Iskola\2025-26\web\Biblio\App\Views\Books\index.php on line 13
[13-Sep-2025 18:34:01 UTC] PHP Warning:  Attempt to read property "author_id" on array in C:\Users\koloz\Documents\Files\Iskola\2025-26\web\Biblio\App\Views\Books\index.php on line 14
[13-Sep-2025 18:34:01 UTC] PHP Warning:  Attempt to read property "publisher_id" on array in C:\Users\koloz\Documents\Files\Iskola\2025-26\web\Biblio\App\Views\Books\index.php on line 15
[13-Sep-2025 18:34:01 UTC] PHP Warning:  Attempt to read property "cover" on array in C:\Users\koloz\Documents\Files\Iskola\2025-26\web\Biblio\App\Views\Books\index.php on line 16
[13-Sep-2025 18:34:01 UTC] PHP Warning:  Attempt to read property "id" on array in C:\Users\koloz\Documents\Files\Iskola\2025-26\web\Biblio\App\Views\Books\index.php on line 7
[13-Sep-2025 18:34:01 UTC] PHP Warning:  Attempt to read property "title" on array in C:\Users\koloz\Documents\Files\Iskola\2025-26\web\Biblio\App\Views\Books\index.php on line 8
[13-Sep-2025 18:34:01 UTC] PHP Warning:  Attempt to read property "pages" on array in C:\Users\koloz\Documents\Files\Iskola\2025-26\web\Biblio\App\Views\Books\index.php on line 9
[13-Sep-2025 18:34:01 UTC] PHP Warning:  Attempt to read property "ISBN" on array in C:\Users\koloz\Documents\Files\Iskola\2025-26\web\Biblio\App\Views\Books\index.php on line 10
[13-Sep-2025 18:34:01 UTC] PHP Warning:  Attempt to read property "release_year" on array in C:\Users\koloz\Documents\Files\Iskola\2025-26\web\Biblio\App\Views\Books\index.php on line 11
[13-Sep-2025 18:34:01 UTC] PHP Warning:  Attempt to read property "language" on array in C:\Users\koloz\Documents\Files\Iskola\2025-26\web\Biblio\App\Views\Books\index.php on line 12
[13-Sep-2025 18:34:01 UTC] PHP Warning:  Attempt to read property "genre_id" on array in C:\Users\koloz\Documents\Files\Iskola\2025-26\web\Biblio\App\Views\Books\index.php on line 13
[13-Sep-2025 18:34:01 UTC] PHP Warning:  Attempt to read property "author_id" on array in C:\Users\koloz\Documents\Files\Iskola\2025-26\web\Biblio\App\Views\Books\index.php on line 14
[13-Sep-2025 18:34:01 UTC] PHP Warning:  Attempt to read property "publisher_id" on array in C:\Users\koloz\Documents\Files\Iskola\2025-26\web\Biblio\App\Views\Books\index.php on line 15
[13-Sep-2025 18:34:01 UTC] PHP Warning:  Attempt to read property "cover" on array in C:\Users\koloz\Documents\Files\Iskola\2025-26\web\Biblio\App\Views\Books\index.php on line 16
[13-Sep-2025 18:34:01 UTC] PHP Warning:  Attempt to read property "id" on array in C:\Users\koloz\Documents\Files\Iskola\2025-26\web\Biblio\App\Views\Books\index.php on line 7
[13-Sep-2025 18:34:01 UTC] PHP Warning:  Attempt to read property "title" on array in C:\Users\koloz\Documents\Files\Iskola\2025-26\web\Biblio\App\Views\Books\index.php on line 8
[13-Sep-2025 18:34:01 UTC] PHP Warning:  Attempt to read property "pages" on array in C:\Users\koloz\Documents\Files\Iskola\2025-26\web\Biblio\App\Views\Books\index.php on line 9
[13-Sep-2025 18:34:01 UTC] PHP Warning:  Attempt to read property "ISBN" on array in C:\Users\koloz\Documents\Files\Iskola\2025-26\web\Biblio\App\Views\Books\index.php on line 10
[13-Sep-2025 18:34:01 UTC] PHP Warning:  Attempt to read property "release_year" on array in C:\Users\koloz\Documents\Files\Iskola\2025-26\web\Biblio\App\Views\Books\index.php on line 11
[13-Sep-2025 18:34:01 UTC] PHP Warning:  Attempt to read property "language" on array in C:\Users\koloz\Documents\Files\Iskola\2025-26\web\Biblio\App\Views\Books\index.php on line 12
[13-Sep-2025 18:34:01 UTC] PHP Warning:  Attempt to read property "genre_id" on array in C:\Users\koloz\Documents\Files\Iskola\2025-26\web\Biblio\App\Views\Books\index.php on line 13
[13-Sep-2025 18:34:01 UTC] PHP Warning:  Attempt to read property "author_id" on array in C:\Users\koloz\Documents\Files\Iskola\2025-26\web\Biblio\App\Views\Books\index.php on line 14
[13-Sep-2025 18:34:01 UTC] PHP Warning:  Attempt to read property "publisher_id" on array in C:\Users\koloz\Documents\Files\Iskola\2025-26\web\Biblio\App\Views\Books\index.php on line 15
[13-Sep-2025 18:34:01 UTC] PHP Warning:  Attempt to read property "cover" on array in C:\Users\koloz\Documents\Files\Iskola\2025-26\web\Biblio\App\Views\Books\index.php on line 16
[13-Sep-2025 18:34:01 UTC] PHP Warning:  Attempt to read property "id" on array in C:\Users\koloz\Documents\Files\Iskola\2025-26\web\Biblio\App\Views\Books\index.php on line 7
[13-Sep-2025 18:34:01 UTC] PHP Warning:  Attempt to read property "title" on array in C:\Users\koloz\Documents\Files\Iskola\2025-26\web\Biblio\App\Views\Books\index.php on line 8
[13-Sep-2025 18:34:01 UTC] PHP Warning:  Attempt to read property "pages" on array in C:\Users\koloz\Documents\Files\Iskola\2025-26\web\Biblio\App\Views\Books\index.php on line 9
[13-Sep-2025 18:34:01 UTC] PHP Warning:  Attempt to read property "ISBN" on array in C:\Users\koloz\Documents\Files\Iskola\2025-26\web\Biblio\App\Views\Books\index.php on line 10
[13-Sep-2025 18:34:01 UTC] PHP Warning:  Attempt to read property "release_year" on array in C:\Users\koloz\Documents\Files\Iskola\2025-26\web\Biblio\App\Views\Books\index.php on line 11
[13-Sep-2025 18:34:01 UTC] PHP Warning:  Attempt to read property "language" on array in C:\Users\koloz\Documents\Files\Iskola\2025-26\web\Biblio\App\Views\Books\index.php on line 12
[13-Sep-2025 18:34:01 UTC] PHP Warning:  Attempt to read property "genre_id" on array in C:\Users\koloz\Documents\Files\Iskola\2025-26\web\Biblio\App\Views\Books\index.php on line 13
[13-Sep-2025 18:34:01 UTC] PHP Warning:  Attempt to read property "author_id" on array in C:\Users\koloz\Documents\Files\Iskola\2025-26\web\Biblio\App\Views\Books\index.php on line 14
[13-Sep-2025 18:34:01 UTC] PHP Warning:  Attempt to read property "publisher_id" on array in C:\Users\koloz\Documents\Files\Iskola\2025-26\web\Biblio\App\Views\Books\index.php on line 15
[13-Sep-2025 18:34:01 UTC] PHP Warning:  Attempt to read property "cover" on array in C:\Users\koloz\Documents\Files\Iskola\2025-26\web\Biblio\App\Views\Books\index.php on line 16
[15-Sep-2025 11:53:57 UTC] SQLSTATE[42S22]: Column not found: 1054 Unknown column 'id' in 'order clause'
[15-Sep-2025 12:06:24 UTC] SQLSTATE[42S22]: Column not found: 1054 Unknown column 'id' in 'order clause'
[15-Sep-2025 12:07:30 UTC] SQLSTATE[42S22]: Column not found: 1054 Unknown column 'id' in 'order clause'
[15-Sep-2025 12:07:30 UTC] PHP Warning:  Undefined variable $books in C:\Users\koloz\Documents\Files\Iskola\2025-26\web\Biblio\App\Views\Books\index.php on line 4
[15-Sep-2025 12:07:30 UTC] PHP Warning:  foreach() argument must be of type array|object, null given in C:\Users\koloz\Documents\Files\Iskola\2025-26\web\Biblio\App\Views\Books\index.php on line 4
[15-Sep-2025 12:16:20 UTC] SQLSTATE[42S22]: Column not found: 1054 Unknown column 'id' in 'where clause'
[15-Sep-2025 12:16:22 UTC] SQLSTATE[42S22]: Column not found: 1054 Unknown column 'id' in 'where clause'
[15-Sep-2025 12:16:22 UTC] SQLSTATE[42S22]: Column not found: 1054 Unknown column 'id' in 'where clause'
[15-Sep-2025 12:17:15 UTC] PHP Warning:  Undefined property: App\Models\BooksModel::$isbn in C:\Users\koloz\Documents\Files\Iskola\2025-26\web\Biblio\App\Views\Books\index.php on line 14
[15-Sep-2025 12:17:15 UTC] PHP Warning:  Undefined property: App\Models\BooksModel::$isbn in C:\Users\koloz\Documents\Files\Iskola\2025-26\web\Biblio\App\Views\Books\index.php on line 14
[15-Sep-2025 12:17:15 UTC] PHP Warning:  Undefined property: App\Models\BooksModel::$isbn in C:\Users\koloz\Documents\Files\Iskola\2025-26\web\Biblio\App\Views\Books\index.php on line 14
[15-Sep-2025 12:17:15 UTC] PHP Warning:  Undefined property: App\Models\BooksModel::$isbn in C:\Users\koloz\Documents\Files\Iskola\2025-26\web\Biblio\App\Views\Books\index.php on line 14
[15-Sep-2025 12:17:15 UTC] PHP Warning:  Undefined property: App\Models\BooksModel::$isbn in C:\Users\koloz\Documents\Files\Iskola\2025-26\web\Biblio\App\Views\Books\index.php on line 14
[15-Sep-2025 12:20:59 UTC] PHP Warning:  Undefined variable $ISBN in C:\Users\koloz\Documents\Files\Iskola\2025-26\web\Biblio\App\Models\BooksModel.php on line 40
[15-Sep-2025 12:20:59 UTC] PHP Warning:  Undefined variable $ISBN in C:\Users\koloz\Documents\Files\Iskola\2025-26\web\Biblio\App\Models\BooksModel.php on line 40
[15-Sep-2025 12:20:59 UTC] PHP Warning:  Undefined variable $ISBN in C:\Users\koloz\Documents\Files\Iskola\2025-26\web\Biblio\App\Models\BooksModel.php on line 40
[15-Sep-2025 12:20:59 UTC] PHP Warning:  Undefined variable $ISBN in C:\Users\koloz\Documents\Files\Iskola\2025-26\web\Biblio\App\Models\BooksModel.php on line 40
[15-Sep-2025 12:20:59 UTC] PHP Warning:  Undefined variable $ISBN in C:\Users\koloz\Documents\Files\Iskola\2025-26\web\Biblio\App\Models\BooksModel.php on line 40
[15-Sep-2025 12:20:59 UTC] PHP Warning:  Undefined variable $ISBN in C:\Users\koloz\Documents\Files\Iskola\2025-26\web\Biblio\App\Models\BooksModel.php on line 40
[15-Sep-2025 12:20:59 UTC] PHP Warning:  Undefined property: App\Models\BooksModel::$isbn in C:\Users\koloz\Documents\Files\Iskola\2025-26\web\Biblio\App\Views\Books\index.php on line 14
[15-Sep-2025 12:20:59 UTC] PHP Warning:  Undefined property: App\Models\BooksModel::$isbn in C:\Users\koloz\Documents\Files\Iskola\2025-26\web\Biblio\App\Views\Books\index.php on line 14
[15-Sep-2025 12:20:59 UTC] PHP Warning:  Undefined property: App\Models\BooksModel::$isbn in C:\Users\koloz\Documents\Files\Iskola\2025-26\web\Biblio\App\Views\Books\index.php on line 14
[15-Sep-2025 12:20:59 UTC] PHP Warning:  Undefined property: App\Models\BooksModel::$isbn in C:\Users\koloz\Documents\Files\Iskola\2025-26\web\Biblio\App\Views\Books\index.php on line 14
[15-Sep-2025 12:20:59 UTC] PHP Warning:  Undefined property: App\Models\BooksModel::$isbn in C:\Users\koloz\Documents\Files\Iskola\2025-26\web\Biblio\App\Views\Books\index.php on line 14
[15-Sep-2025 12:21:08 UTC] PHP Warning:  Undefined variable $ISBN in C:\Users\koloz\Documents\Files\Iskola\2025-26\web\Biblio\App\Models\BooksModel.php on line 40
[15-Sep-2025 12:21:08 UTC] PHP Warning:  Undefined variable $ISBN in C:\Users\koloz\Documents\Files\Iskola\2025-26\web\Biblio\App\Models\BooksModel.php on line 40
[15-Sep-2025 12:21:08 UTC] PHP Warning:  Undefined variable $ISBN in C:\Users\koloz\Documents\Files\Iskola\2025-26\web\Biblio\App\Models\BooksModel.php on line 40
[15-Sep-2025 12:21:08 UTC] PHP Warning:  Undefined variable $ISBN in C:\Users\koloz\Documents\Files\Iskola\2025-26\web\Biblio\App\Models\BooksModel.php on line 40
[15-Sep-2025 12:21:08 UTC] PHP Warning:  Undefined variable $ISBN in C:\Users\koloz\Documents\Files\Iskola\2025-26\web\Biblio\App\Models\BooksModel.php on line 40
[15-Sep-2025 12:21:08 UTC] PHP Warning:  Undefined variable $ISBN in C:\Users\koloz\Documents\Files\Iskola\2025-26\web\Biblio\App\Models\BooksModel.php on line 40
